<?xml version="1.0" encoding="UTF-8"?>
<!-- Generated by org.testng.reporters.JUnitReportReporter -->
<testsuite hostname="DESKTOP-JFIIDIB" name="tests.OpenFirstTest" tests="9" failures="0" timestamp="2 Jul 2020 01:04:21 GMT" time="68.780" errors="0">
  <testcase name="verifyAcessSuccessfully" time="9.676" classname="tests.OpenFirstTest"/>
  <testcase name="verifyAcessSuccessfully" time="8.821" classname="tests.OpenFirstTest"/>
  <testcase name="verifyAcessSuccessfully" time="11.720" classname="tests.OpenFirstTest"/>
  <testcase name="verifyAcessInvalid" time="4.966" classname="tests.OpenFirstTest"/>
  <testcase name="verifyAcessEmpty" time="5.471" classname="tests.OpenFirstTest"/>
  <testcase name="verifyAcessEmpty" time="8.382" classname="tests.OpenFirstTest"/>
  <testcase name="verifyAcessInvalid" time="7.497" classname="tests.OpenFirstTest"/>
  <testcase name="verifyAcessEmpty" time="6.619" classname="tests.OpenFirstTest"/>
  <testcase name="verifyAcessInvalid" time="5.628" classname="tests.OpenFirstTest"/>
</testsuite> <!-- tests.OpenFirstTest -->
