<?xml version="1.0" encoding="UTF-8"?>
<!-- Generated by org.testng.reporters.JUnitReportReporter -->
<testsuite hostname="DESKTOP-JFIIDIB" name="tests.OpenFirstTest" tests="9" failures="0" timestamp="7 May 2020 22:27:10 GMT" time="42.090" errors="0">
  <testcase name="verifyAcessEmpty" time="3.856" classname="tests.OpenFirstTest"/>
  <testcase name="verifyAcessSuccessfully" time="4.384" classname="tests.OpenFirstTest"/>
  <testcase name="verifyAcessEmpty" time="7.428" classname="tests.OpenFirstTest"/>
  <testcase name="verifyAcessEmpty" time="3.820" classname="tests.OpenFirstTest"/>
  <testcase name="verifyAcessInvalid" time="4.006" classname="tests.OpenFirstTest"/>
  <testcase name="verifyAcessSuccessfully" time="7.403" classname="tests.OpenFirstTest"/>
  <testcase name="verifyAcessInvalid" time="1.967" classname="tests.OpenFirstTest"/>
  <testcase name="verifyAcessInvalid" time="4.958" classname="tests.OpenFirstTest"/>
  <testcase name="verifyAcessSuccessfully" time="4.268" classname="tests.OpenFirstTest"/>
</testsuite> <!-- tests.OpenFirstTest -->
