<?xml version="1.0" encoding="UTF-8"?>
<!-- Generated by org.testng.reporters.JUnitReportReporter -->
<testsuite hostname="DESKTOP-JFIIDIB" name="tests.OpenFirstTest" tests="3" failures="0" timestamp="7 May 2020 12:39:50 GMT" time="10.423" errors="0">
  <testcase name="verifyAcessSuccessfully" time="1.964" classname="tests.OpenFirstTest"/>
  <testcase name="verifyAcessSuccessfully" time="6.019" classname="tests.OpenFirstTest"/>
  <testcase name="verifyAcessSuccessfully" time="2.440" classname="tests.OpenFirstTest"/>
</testsuite> <!-- tests.OpenFirstTest -->
