<?xml version="1.0" encoding="UTF-8"?>
<!-- Generated by org.testng.reporters.JUnitReportReporter -->
<testsuite hostname="DESKTOP-JFIIDIB" name="com.first.tests.OpenFirstTest" tests="3" failures="0" timestamp="6 May 2020 20:20:19 GMT" time="19.099" errors="0">
  <testcase name="verifyAcessSuccessfully" time="5.114" classname="com.first.tests.OpenFirstTest"/>
  <testcase name="verifyAcessSuccessfully" time="8.416" classname="com.first.tests.OpenFirstTest"/>
  <testcase name="verifyAcessSuccessfully" time="5.569" classname="com.first.tests.OpenFirstTest"/>
</testsuite> <!-- com.first.tests.OpenFirstTest -->
