<?xml version="1.0" encoding="UTF-8"?>
<!-- Generated by org.testng.reporters.JUnitReportReporter -->
<testsuite hostname="DESKTOP-JFIIDIB" name="tests.OpenFirstTestSisac" tests="6" failures="0" timestamp="8 May 2020 17:37:21 GMT" time="29.133" errors="0">
  <testcase name="verifyAcessSuccessfully" time="5.206" classname="tests.OpenFirstTestSisac"/>
  <testcase name="verifyAcessEmpty" time="5.351" classname="tests.OpenFirstTestSisac"/>
  <testcase name="verifyAcessEmpty" time="3.955" classname="tests.OpenFirstTestSisac"/>
  <testcase name="verifyAcessSuccessfully" time="4.480" classname="tests.OpenFirstTestSisac"/>
  <testcase name="verifyAcessEmpty" time="3.824" classname="tests.OpenFirstTestSisac"/>
  <testcase name="verifyAcessSuccessfully" time="6.317" classname="tests.OpenFirstTestSisac"/>
</testsuite> <!-- tests.OpenFirstTestSisac -->
