<?xml version="1.0" encoding="UTF-8"?>
<!-- Generated by org.testng.reporters.JUnitReportReporter -->
<testsuite hostname="DESKTOP-JFIIDIB" name="com.first.tests.OpenChromeTest" tests="1" failures="0" timestamp="28 Apr 2020 21:54:40 GMT" time="19.147" errors="0">
  <testcase name="verifyGooglePageTittle" time="19.147" classname="com.first.tests.OpenChromeTest"/>
</testsuite> <!-- com.first.tests.OpenChromeTest -->
