<?xml version="1.0" encoding="UTF-8"?>
<!-- Generated by org.testng.reporters.JUnitReportReporter -->
<testsuite hostname="DESKTOP-JFIIDIB" name="tests.OpenFirstTest" tests="9" failures="0" timestamp="8 May 2020 21:33:00 GMT" time="75.709" errors="0">
  <testcase name="verifyAcessInvalid" time="5.083" classname="tests.OpenFirstTest"/>
  <testcase name="verifyAcessInvalid" time="8.208" classname="tests.OpenFirstTest"/>
  <testcase name="verifyAcessSuccessfully" time="8.854" classname="tests.OpenFirstTest"/>
  <testcase name="verifyAcessInvalid" time="8.001" classname="tests.OpenFirstTest"/>
  <testcase name="verifyAcessEmpty" time="7.990" classname="tests.OpenFirstTest"/>
  <testcase name="verifyAcessEmpty" time="7.802" classname="tests.OpenFirstTest"/>
  <testcase name="verifyAcessSuccessfully" time="11.061" classname="tests.OpenFirstTest"/>
  <testcase name="verifyAcessEmpty" time="9.730" classname="tests.OpenFirstTest"/>
  <testcase name="verifyAcessSuccessfully" time="8.980" classname="tests.OpenFirstTest"/>
</testsuite> <!-- tests.OpenFirstTest -->
