<?xml version="1.0" encoding="UTF-8"?>
<!-- Generated by org.testng.reporters.JUnitReportReporter -->
<testsuite hostname="DESKTOP-JFIIDIB" name="tests.TestLoginBank" tests="9" failures="0" timestamp="7 Jul 2020 01:27:57 GMT" time="58.060" errors="0">
  <testcase name="verifyAcessEmpty" time="5.035" classname="tests.TestLoginBank"/>
  <testcase name="verifyAcessEmpty" time="9.243" classname="tests.TestLoginBank"/>
  <testcase name="verifyAcessEmpty" time="5.355" classname="tests.TestLoginBank"/>
  <testcase name="verifyAcessSuccessfully" time="5.002" classname="tests.TestLoginBank"/>
  <testcase name="verifyAcessInvalid" time="5.731" classname="tests.TestLoginBank"/>
  <testcase name="verifyAcessInvalid" time="4.879" classname="tests.TestLoginBank"/>
  <testcase name="verifyAcessInvalid" time="7.375" classname="tests.TestLoginBank"/>
  <testcase name="verifyAcessSuccessfully" time="7.218" classname="tests.TestLoginBank"/>
  <testcase name="verifyAcessSuccessfully" time="8.222" classname="tests.TestLoginBank"/>
</testsuite> <!-- tests.TestLoginBank -->
