<?xml version="1.0" encoding="UTF-8"?>
<!-- Generated by org.testng.reporters.JUnitReportReporter -->
<testsuite hostname="DESKTOP-JFIIDIB" failures="0" tests="1" name="com.first.tests.OpenChromeTest" time="2.495" errors="0" timestamp="28 Apr 2020 16:12:00 GMT">
  <testcase classname="com.first.tests.OpenChromeTest" name="verifyGooglePageTittle" time="2.495"/>
</testsuite> <!-- com.first.tests.OpenChromeTest -->
