<?xml version="1.0" encoding="UTF-8"?>
<!-- Generated by org.testng.reporters.JUnitReportReporter -->
<testsuite hostname="DESKTOP-JFIIDIB" failures="0" tests="9" name="tests.TestLoginBank" time="66.672" errors="0" timestamp="10 Jul 2020 01:59:54 GMT">
  <testcase classname="tests.TestLoginBank" name="verifyAcessEmpty" time="7.419"/>
  <testcase classname="tests.TestLoginBank" name="verifyAcessInvalid" time="6.350"/>
  <testcase classname="tests.TestLoginBank" name="verifyAcessSuccessfully" time="4.808"/>
  <testcase classname="tests.TestLoginBank" name="verifyAcessInvalid" time="8.030"/>
  <testcase classname="tests.TestLoginBank" name="verifyAcessEmpty" time="6.503"/>
  <testcase classname="tests.TestLoginBank" name="verifyAcessSuccessfully" time="7.803"/>
  <testcase classname="tests.TestLoginBank" name="verifyAcessSuccessfully" time="7.390"/>
  <testcase classname="tests.TestLoginBank" name="verifyAcessEmpty" time="9.111"/>
  <testcase classname="tests.TestLoginBank" name="verifyAcessInvalid" time="9.258"/>
</testsuite> <!-- tests.TestLoginBank -->
